<testsuites id="" name="" tests="16" failures="0" skipped="16" errors="0" time="0.177658">
<testsuite name="ui/salesforce-contact-view.spec.js" timestamp="2025-07-09T19:33:54.405Z" hostname="chromium" tests="2" failures="0" skipped="2" time="0" errors="0">
<testcase name="Salesforce Contact View › C27699: Contact List View Test" classname="ui/salesforce-contact-view.spec.js" time="0">
<skipped>
</skipped>
</testcase>
<testcase name="Salesforce Contact View › C27699: Contact Search Test" classname="ui/salesforce-contact-view.spec.js" time="0">
<skipped>
</skipped>
</testcase>
</testsuite>
<testsuite name="ui/salesforce-login.spec.js" timestamp="2025-07-09T19:33:54.405Z" hostname="chromium" tests="1" failures="0" skipped="1" time="0" errors="0">
<testcase name="Salesforce Login › C27698: Salesforce Login Test" classname="ui/salesforce-login.spec.js" time="0">
<skipped>
</skipped>
</testcase>
</testsuite>
<testsuite name="ui/salesforce-contact-view.spec.js" timestamp="2025-07-09T19:33:54.405Z" hostname="firefox" tests="2" failures="0" skipped="2" time="0" errors="0">
<testcase name="Salesforce Contact View › C27699: Contact List View Test" classname="ui/salesforce-contact-view.spec.js" time="0">
<skipped>
</skipped>
</testcase>
<testcase name="Salesforce Contact View › C27699: Contact Search Test" classname="ui/salesforce-contact-view.spec.js" time="0">
<skipped>
</skipped>
</testcase>
</testsuite>
<testsuite name="ui/salesforce-login.spec.js" timestamp="2025-07-09T19:33:54.405Z" hostname="firefox" tests="1" failures="0" skipped="1" time="0" errors="0">
<testcase name="Salesforce Login › C27698: Salesforce Login Test" classname="ui/salesforce-login.spec.js" time="0">
<skipped>
</skipped>
</testcase>
</testsuite>
<testsuite name="ui/salesforce-contact-view.spec.js" timestamp="2025-07-09T19:33:54.405Z" hostname="webkit" tests="2" failures="0" skipped="2" time="0" errors="0">
<testcase name="Salesforce Contact View › C27699: Contact List View Test" classname="ui/salesforce-contact-view.spec.js" time="0">
<skipped>
</skipped>
</testcase>
<testcase name="Salesforce Contact View › C27699: Contact Search Test" classname="ui/salesforce-contact-view.spec.js" time="0">
<skipped>
</skipped>
</testcase>
</testsuite>
<testsuite name="ui/salesforce-login.spec.js" timestamp="2025-07-09T19:33:54.405Z" hostname="webkit" tests="1" failures="0" skipped="1" time="0" errors="0">
<testcase name="Salesforce Login › C27698: Salesforce Login Test" classname="ui/salesforce-login.spec.js" time="0">
<skipped>
</skipped>
</testcase>
</testsuite>
<testsuite name="salesforce/salesforce-apex.spec.js" timestamp="2025-07-09T19:33:54.405Z" hostname="salesforce" tests="1" failures="0" skipped="1" time="0" errors="0">
<testcase name="Salesforce Apex Operations › C27702: Execute Anonymous Apex Test" classname="salesforce/salesforce-apex.spec.js" time="0">
<skipped>
</skipped>
</testcase>
</testsuite>
<testsuite name="salesforce/salesforce-db.spec.js" timestamp="2025-07-09T19:33:54.405Z" hostname="salesforce" tests="1" failures="0" skipped="1" time="0" errors="0">
<testcase name="Salesforce Database Operations › C27703: CRUD Operations Test" classname="salesforce/salesforce-db.spec.js" time="0">
<skipped>
</skipped>
</testcase>
</testsuite>
<testsuite name="salesforce/salesforce-soql.spec.js" timestamp="2025-07-09T19:33:54.405Z" hostname="salesforce" tests="1" failures="0" skipped="1" time="0" errors="0">
<testcase name="Salesforce SOQL Operations › C27704: SOQL Builder Test" classname="salesforce/salesforce-soql.spec.js" time="0">
<skipped>
</skipped>
</testcase>
</testsuite>
<testsuite name="api/salesforce-api-limits.spec.js" timestamp="2025-07-09T19:33:54.405Z" hostname="api" tests="2" failures="0" skipped="2" time="0" errors="0">
<testcase name="Salesforce API Limits › C27700: API Limits Test" classname="api/salesforce-api-limits.spec.js" time="0">
<skipped>
</skipped>
</testcase>
<testcase name="Salesforce API Limits › C27700: Record Count Test" classname="api/salesforce-api-limits.spec.js" time="0">
<skipped>
</skipped>
</testcase>
</testsuite>
<testsuite name="api/salesforce-api-objects.spec.js" timestamp="2025-07-09T19:33:54.405Z" hostname="api" tests="2" failures="0" skipped="2" time="0" errors="0">
<testcase name="Salesforce API Objects › C27701: Global Objects List Test" classname="api/salesforce-api-objects.spec.js" time="0">
<skipped>
</skipped>
</testcase>
<testcase name="Salesforce API Objects › C27701: Contact Object Metadata Test" classname="api/salesforce-api-objects.spec.js" time="0">
<skipped>
</skipped>
</testcase>
</testsuite>
</testsuites>