<testsuites id="" name="" tests="9" failures="3" skipped="0" errors="0" time="22.832271">
<testsuite name="ui/ci-safe-ui.spec.js" timestamp="2025-07-07T16:26:44.805Z" hostname="chromium" tests="3" failures="1" skipped="0" time="20.337" errors="0">
<testcase name="CI Safe UI Tests › Basic Page Load Test" classname="ui/ci-safe-ui.spec.js" time="1.251">
<system-out>
<![CDATA[✅ Basic page load test passed
]]>
</system-out>
</testcase>
<testcase name="CI Safe UI Tests › HTTPBin Status Test" classname="ui/ci-safe-ui.spec.js" time="17.111">
<failure message="ci-safe-ui.spec.js:20:3 HTTPBin Status Test" type="FAILURE">
<![CDATA[  [chromium] › ui/ci-safe-ui.spec.js:20:3 › CI Safe UI Tests › HTTPBin Status Test ─────────────────

    TimeoutError: page.waitForResponse: Timeout 15000ms exceeded while waiting for event "response"
    =========================== logs ===========================
    waiting for response "https://httpbin.org/status/200"
    ============================================================

      22 |     
      23 |     // Check that we get a 200 status page
    > 24 |     const response = await page.waitForResponse('https://httpbin.org/status/200');
         |                                 ^
      25 |     expect(response.status()).toBe(200);
      26 |     
      27 |     console.log('✅ HTTPBin status test passed');
        at /Users/mzahirudeen/Desktop/AgentSync/Client Deliverable/AgentSyncProfessionalServicesDelivery/src/tests/ui/ci-safe-ui.spec.js:24:33

    attachment #1: screenshot (image/png) ──────────────────────────────────────────────────────────
    test-results/ui-ci-safe-ui-CI-Safe-UI-Tests-HTTPBin-Status-Test-chromium/test-failed-1.png
    ────────────────────────────────────────────────────────────────────────────────────────────────
]]>
</failure>
<system-out>
<![CDATA[
[[ATTACHMENT|../test-results/ui-ci-safe-ui-CI-Safe-UI-Tests-HTTPBin-Status-Test-chromium/test-failed-1.png]]
]]>
</system-out>
</testcase>
<testcase name="CI Safe UI Tests › Form Interaction Test" classname="ui/ci-safe-ui.spec.js" time="1.975">
<system-out>
<![CDATA[✅ Form interaction test passed
]]>
</system-out>
</testcase>
</testsuite>
<testsuite name="ui/ci-safe-ui.spec.js" timestamp="2025-07-07T16:26:44.805Z" hostname="firefox" tests="3" failures="1" skipped="0" time="23.507" errors="0">
<testcase name="CI Safe UI Tests › Basic Page Load Test" classname="ui/ci-safe-ui.spec.js" time="1.38">
<system-out>
<![CDATA[✅ Basic page load test passed
]]>
</system-out>
</testcase>
<testcase name="CI Safe UI Tests › HTTPBin Status Test" classname="ui/ci-safe-ui.spec.js" time="18.734">
<failure message="ci-safe-ui.spec.js:20:3 HTTPBin Status Test" type="FAILURE">
<![CDATA[  [firefox] › ui/ci-safe-ui.spec.js:20:3 › CI Safe UI Tests › HTTPBin Status Test ──────────────────

    TimeoutError: page.waitForResponse: Timeout 15000ms exceeded while waiting for event "response"
    =========================== logs ===========================
    waiting for response "https://httpbin.org/status/200"
    ============================================================

      22 |     
      23 |     // Check that we get a 200 status page
    > 24 |     const response = await page.waitForResponse('https://httpbin.org/status/200');
         |                                 ^
      25 |     expect(response.status()).toBe(200);
      26 |     
      27 |     console.log('✅ HTTPBin status test passed');
        at /Users/mzahirudeen/Desktop/AgentSync/Client Deliverable/AgentSyncProfessionalServicesDelivery/src/tests/ui/ci-safe-ui.spec.js:24:33

    attachment #1: screenshot (image/png) ──────────────────────────────────────────────────────────
    test-results/ui-ci-safe-ui-CI-Safe-UI-Tests-HTTPBin-Status-Test-firefox/test-failed-1.png
    ────────────────────────────────────────────────────────────────────────────────────────────────
]]>
</failure>
<system-out>
<![CDATA[
[[ATTACHMENT|../test-results/ui-ci-safe-ui-CI-Safe-UI-Tests-HTTPBin-Status-Test-firefox/test-failed-1.png]]
]]>
</system-out>
</testcase>
<testcase name="CI Safe UI Tests › Form Interaction Test" classname="ui/ci-safe-ui.spec.js" time="3.393">
<system-out>
<![CDATA[✅ Form interaction test passed
]]>
</system-out>
</testcase>
</testsuite>
<testsuite name="ui/ci-safe-ui.spec.js" timestamp="2025-07-07T16:26:44.805Z" hostname="webkit" tests="3" failures="1" skipped="0" time="20.903" errors="0">
<testcase name="CI Safe UI Tests › Basic Page Load Test" classname="ui/ci-safe-ui.spec.js" time="1.408">
<system-out>
<![CDATA[✅ Basic page load test passed
]]>
</system-out>
</testcase>
<testcase name="CI Safe UI Tests › HTTPBin Status Test" classname="ui/ci-safe-ui.spec.js" time="18.026">
<failure message="ci-safe-ui.spec.js:20:3 HTTPBin Status Test" type="FAILURE">
<![CDATA[  [webkit] › ui/ci-safe-ui.spec.js:20:3 › CI Safe UI Tests › HTTPBin Status Test ───────────────────

    TimeoutError: page.waitForResponse: Timeout 15000ms exceeded while waiting for event "response"
    =========================== logs ===========================
    waiting for response "https://httpbin.org/status/200"
    ============================================================

      22 |     
      23 |     // Check that we get a 200 status page
    > 24 |     const response = await page.waitForResponse('https://httpbin.org/status/200');
         |                                 ^
      25 |     expect(response.status()).toBe(200);
      26 |     
      27 |     console.log('✅ HTTPBin status test passed');
        at /Users/mzahirudeen/Desktop/AgentSync/Client Deliverable/AgentSyncProfessionalServicesDelivery/src/tests/ui/ci-safe-ui.spec.js:24:33

    attachment #1: screenshot (image/png) ──────────────────────────────────────────────────────────
    test-results/ui-ci-safe-ui-CI-Safe-UI-Tests-HTTPBin-Status-Test-webkit/test-failed-1.png
    ────────────────────────────────────────────────────────────────────────────────────────────────
]]>
</failure>
<system-out>
<![CDATA[
[[ATTACHMENT|../test-results/ui-ci-safe-ui-CI-Safe-UI-Tests-HTTPBin-Status-Test-webkit/test-failed-1.png]]
]]>
</system-out>
</testcase>
<testcase name="CI Safe UI Tests › Form Interaction Test" classname="ui/ci-safe-ui.spec.js" time="1.469">
<system-out>
<![CDATA[✅ Form interaction test passed
]]>
</system-out>
</testcase>
</testsuite>
</testsuites>