<testsuites id="" name="" tests="1" failures="0" skipped="0" errors="0" time="16.349310999999997">
<testsuite name="salesforce/salesforce-simple-contact.spec.js" timestamp="2025-07-01T08:18:31.972Z" hostname="salesforce" tests="1" failures="0" skipped="0" time="15.131" errors="0">
<testcase name="Salesforce Simple Contact Test › should navigate to contacts list" classname="salesforce/salesforce-simple-contact.spec.js" time="15.131">
<system-out>
<![CDATA[Page title: Recently Viewed | Contacts | Salesforce
✅ Successfully navigated to Salesforce contacts page
]]>
</system-out>
</testcase>
</testsuite>
</testsuites>