<testsuites id="" name="" tests="3" failures="0" skipped="0" errors="0" time="6.072005">
<testsuite name="api/testrail-demo.spec.js" timestamp="2025-07-07T18:09:59.308Z" hostname="api" tests="3" failures="0" skipped="0" time="1.493" errors="0">
<testcase name="TestRail Integration Demo › C24148: Salesforce API Authentication Test" classname="api/testrail-demo.spec.js" time="0.794">
<system-out>
<![CDATA[🚀 Starting TestRail Integration Demo
⚠️ OAuth failed: invalid client credentials
⚠️ OAuth failed, using fallback token - cached for reuse
🔐 TestRail auth: API Key
✅ TestRail client initialized
📋 Created TestRail run: 529
🔗 View run: https://agentsync.testrail.io/index.php?/runs/view/529
🧪 Running API Authentication Test...
✅ API authentication successful. Found 29 sobjects.
]]>
</system-out>
</testcase>
<testcase name="TestRail Integration Demo › C24149: Salesforce API Limits Test" classname="api/testrail-demo.spec.js" time="0.465">
<system-out>
<![CDATA[🧪 Running API Limits Test...
✅ API limits retrieved successfully. Daily API requests: 14996/15000 remaining.
]]>
</system-out>
</testcase>
<testcase name="TestRail Integration Demo › C24150: Salesforce API Query Test" classname="api/testrail-demo.spec.js" time="0.234">
<system-out>
<![CDATA[🧪 Running API Query Test...
✅ Query executed successfully. Retrieved 5 account records.
📤 Uploading 3 results to TestRail...
✅ Results uploaded successfully
🔒 Test run 529 closed
🔗 View results: https://agentsync.testrail.io/index.php?/runs/view/529
]]>
</system-out>
</testcase>
</testsuite>
</testsuites>