<testsuites id="" name="" tests="3" failures="1" skipped="2" errors="0" time="4.762989">
<testsuite name="api/testrail-demo.spec.js" timestamp="2025-07-08T16:57:10.265Z" hostname="api" tests="3" failures="1" skipped="2" time="0.401" errors="0">
<testcase name="TestRail Integration Demo › C24148: Salesforce API Authentication Test" classname="api/testrail-demo.spec.js" time="0.401">
<failure message="testrail-demo.spec.js:83:3 C24148: Salesforce API Authentication Test" type="FAILURE">
<![CDATA[  [api] › api/testrail-demo.spec.js:83:3 › TestRail Integration Demo › C24148: Salesforce API Authentication Test 

    Error: expect(received).toBe(expected) // Object.is equality

    Expected: 200
    Received: 401

       96 |       });
       97 |       
    >  98 |       expect(response.status()).toBe(200);
          |                                 ^
       99 |       const data = await response.json();
      100 |       expect(data).toHaveProperty('sobjects');
      101 |       
        at /Users/mzahirudeen/Desktop/AgentSync/Client Deliverable/AgentSyncProfessionalServicesDelivery/src/tests/api/testrail-demo.spec.js:98:33
]]>
</failure>
<system-out>
<![CDATA[🚀 Starting TestRail Integration Demo
⚠️ OAuth failed: invalid client credentials
⚠️ OAuth failed, using fallback token - cached for reuse
🔐 TestRail auth: API Key
✅ TestRail client initialized
📋 Created TestRail run: 550
🔗 View run: https://agentsync.testrail.io/index.php?/runs/view/550
🧪 Running API Authentication Test...
❌ Authentication test failed: [2mexpect([22m[31mreceived[39m[2m).[22mtoBe[2m([22m[32mexpected[39m[2m) // Object.is equality[22m

Expected: [32m200[39m
Received: [31m401[39m
📤 Uploading 1 results to TestRail...
✅ Results uploaded successfully
🔒 Test run 550 closed
🔗 View results: https://agentsync.testrail.io/index.php?/runs/view/550
]]>
</system-out>
</testcase>
<testcase name="TestRail Integration Demo › C24149: Salesforce API Limits Test" classname="api/testrail-demo.spec.js" time="0">
<skipped>
</skipped>
</testcase>
<testcase name="TestRail Integration Demo › C24150: Salesforce API Query Test" classname="api/testrail-demo.spec.js" time="0">
<skipped>
</skipped>
</testcase>
</testsuite>
</testsuites>