<testsuites id="" name="" tests="9" failures="0" skipped="0" errors="0" time="58.351805">
<testsuite name="ui/ui-testrail-final.spec.js" timestamp="2025-07-08T05:06:08.962Z" hostname="chromium" tests="3" failures="0" skipped="0" time="49.765" errors="0">
<testcase name="Final UI TestRail Integration › C24148: Salesforce Login UI Test" classname="ui/ui-testrail-final.spec.js" time="13.271">
<system-out>
<![CDATA[🚀 Starting Final UI TestRail Integration
🔐 TestRail auth: API Key
✅ TestRail client initialized
📋 Created TestRail run: 531
🔗 View run: https://agentsync.testrail.io/index.php?/runs/view/531
🧪 Running C24148: Salesforce Login UI Test...
✅ C24148 UI PASSED: UI Login successful. Page title: Home | Salesforce. URL: https://wise-koala-a44c19-dev-ed.trailblaze.lightning.force.com/lightning/setup/SetupOneHome/home
]]>
</system-out>
</testcase>
<testcase name="Final UI TestRail Integration › C24149: Salesforce Navigation UI Test" classname="ui/ui-testrail-final.spec.js" time="18.269">
<system-out>
<![CDATA[🧪 Running C24149: Salesforce Navigation UI Test...
✅ C24149 UI PASSED: UI Navigation successful. Page title: Recently Viewed | Contacts | Salesforce. Contact page loaded.
]]>
</system-out>
</testcase>
<testcase name="Final UI TestRail Integration › C24150: Salesforce Contact Page UI Test" classname="ui/ui-testrail-final.spec.js" time="18.225">
<system-out>
<![CDATA[🧪 Running C24150: Salesforce Contact Page UI Test...
✅ C24150 UI PASSED: UI Contact page loaded. Title: Recently Viewed | Contacts | Salesforce. New button: true. List view: false
📤 Uploading 3 UI results to TestRail...
Results to upload: [
  {
    "case_id": 24148,
    "status_id": 1,
    "comment": "UI Login successful. Page title: Home | Salesforce. URL: https://wise-koala-a44c19-dev-ed.trailblaze.lightning.force.com/lightning/setup/SetupOneHome/home"
  },
  {
    "case_id": 24149,
    "status_id": 1,
    "comment": "UI Navigation successful. Page title: Recently Viewed | Contacts | Salesforce. Contact page loaded."
  },
  {
    "case_id": 24150,
    "status_id": 1,
    "comment": "UI Contact page loaded. Title: Recently Viewed | Contacts | Salesforce. New button: true. List view: false"
  }
]
✅ UI results uploaded successfully
🔒 UI test run 531 closed
🔗 View results: https://agentsync.testrail.io/index.php?/runs/view/531
]]>
</system-out>
</testcase>
</testsuite>
<testsuite name="ui/ui-testrail-final.spec.js" timestamp="2025-07-08T05:06:08.962Z" hostname="firefox" tests="3" failures="0" skipped="0" time="49.519" errors="0">
<testcase name="Final UI TestRail Integration › C24148: Salesforce Login UI Test" classname="ui/ui-testrail-final.spec.js" time="13.177">
<system-out>
<![CDATA[🚀 Starting Final UI TestRail Integration
🔐 TestRail auth: API Key
✅ TestRail client initialized
📋 Created TestRail run: 532
🔗 View run: https://agentsync.testrail.io/index.php?/runs/view/532
🧪 Running C24148: Salesforce Login UI Test...
✅ C24148 UI PASSED: UI Login successful. Page title: Home | Salesforce. URL: https://wise-koala-a44c19-dev-ed.trailblaze.lightning.force.com/lightning/setup/SetupOneHome/home
]]>
</system-out>
</testcase>
<testcase name="Final UI TestRail Integration › C24149: Salesforce Navigation UI Test" classname="ui/ui-testrail-final.spec.js" time="17.834">
<system-out>
<![CDATA[🧪 Running C24149: Salesforce Navigation UI Test...
✅ C24149 UI PASSED: UI Navigation successful. Page title: Recently Viewed | Contacts | Salesforce. Contact page loaded.
]]>
</system-out>
</testcase>
<testcase name="Final UI TestRail Integration › C24150: Salesforce Contact Page UI Test" classname="ui/ui-testrail-final.spec.js" time="18.508">
<system-out>
<![CDATA[🧪 Running C24150: Salesforce Contact Page UI Test...
✅ C24150 UI PASSED: UI Contact page loaded. Title: Recently Viewed | Contacts | Salesforce. New button: true. List view: false
📤 Uploading 3 UI results to TestRail...
Results to upload: [
  {
    "case_id": 24148,
    "status_id": 1,
    "comment": "UI Login successful. Page title: Home | Salesforce. URL: https://wise-koala-a44c19-dev-ed.trailblaze.lightning.force.com/lightning/setup/SetupOneHome/home"
  },
  {
    "case_id": 24149,
    "status_id": 1,
    "comment": "UI Navigation successful. Page title: Recently Viewed | Contacts | Salesforce. Contact page loaded."
  },
  {
    "case_id": 24150,
    "status_id": 1,
    "comment": "UI Contact page loaded. Title: Recently Viewed | Contacts | Salesforce. New button: true. List view: false"
  }
]
✅ UI results uploaded successfully
🔒 UI test run 532 closed
🔗 View results: https://agentsync.testrail.io/index.php?/runs/view/532
]]>
</system-out>
</testcase>
</testsuite>
<testsuite name="ui/ui-testrail-final.spec.js" timestamp="2025-07-08T05:06:08.962Z" hostname="webkit" tests="3" failures="0" skipped="0" time="49.989" errors="0">
<testcase name="Final UI TestRail Integration › C24148: Salesforce Login UI Test" classname="ui/ui-testrail-final.spec.js" time="13.54">
<system-out>
<![CDATA[🚀 Starting Final UI TestRail Integration
🔐 TestRail auth: API Key
✅ TestRail client initialized
📋 Created TestRail run: 530
🔗 View run: https://agentsync.testrail.io/index.php?/runs/view/530
🧪 Running C24148: Salesforce Login UI Test...
✅ C24148 UI PASSED: UI Login successful. Page title: Home | Salesforce. URL: https://wise-koala-a44c19-dev-ed.trailblaze.lightning.force.com/lightning/setup/SetupOneHome/home
]]>
</system-out>
</testcase>
<testcase name="Final UI TestRail Integration › C24149: Salesforce Navigation UI Test" classname="ui/ui-testrail-final.spec.js" time="17.9">
<system-out>
<![CDATA[🧪 Running C24149: Salesforce Navigation UI Test...
✅ C24149 UI PASSED: UI Navigation successful. Page title: Recently Viewed | Contacts | Salesforce. Contact page loaded.
]]>
</system-out>
</testcase>
<testcase name="Final UI TestRail Integration › C24150: Salesforce Contact Page UI Test" classname="ui/ui-testrail-final.spec.js" time="18.549">
<system-out>
<![CDATA[🧪 Running C24150: Salesforce Contact Page UI Test...
✅ C24150 UI PASSED: UI Contact page loaded. Title: Recently Viewed | Contacts | Salesforce. New button: true. List view: false
📤 Uploading 3 UI results to TestRail...
Results to upload: [
  {
    "case_id": 24148,
    "status_id": 1,
    "comment": "UI Login successful. Page title: Home | Salesforce. URL: https://wise-koala-a44c19-dev-ed.trailblaze.lightning.force.com/lightning/setup/SetupOneHome/home"
  },
  {
    "case_id": 24149,
    "status_id": 1,
    "comment": "UI Navigation successful. Page title: Recently Viewed | Contacts | Salesforce. Contact page loaded."
  },
  {
    "case_id": 24150,
    "status_id": 1,
    "comment": "UI Contact page loaded. Title: Recently Viewed | Contacts | Salesforce. New button: true. List view: false"
  }
]
✅ UI results uploaded successfully
🔒 UI test run 530 closed
🔗 View results: https://agentsync.testrail.io/index.php?/runs/view/530
]]>
</system-out>
</testcase>
</testsuite>
</testsuites>