<testsuites id="" name="" tests="9" failures="0" skipped="0" errors="0" time="59.49992700000001">
<testsuite name="ui/ui-testrail-final.spec.js" timestamp="2025-07-07T17:49:51.524Z" hostname="chromium" tests="3" failures="0" skipped="0" time="51.043" errors="0">
<testcase name="Final UI TestRail Integration › C24148: Salesforce Login UI Test" classname="ui/ui-testrail-final.spec.js" time="14.69">
<system-out>
<![CDATA[🚀 Starting Final UI TestRail Integration
🔐 TestRail auth: API Key
✅ TestRail client initialized
📋 Created TestRail run: 527
🔗 View run: https://agentsync.testrail.io/index.php?/runs/view/527
🧪 Running C24148: Salesforce Login UI Test...
✅ C24148 UI PASSED: UI Login successful. Page title: Home | Salesforce. URL: https://wise-koala-a44c19-dev-ed.trailblaze.lightning.force.com/lightning/setup/SetupOneHome/home
]]>
</system-out>
</testcase>
<testcase name="Final UI TestRail Integration › C24149: Salesforce Navigation UI Test" classname="ui/ui-testrail-final.spec.js" time="18.276">
<system-out>
<![CDATA[🧪 Running C24149: Salesforce Navigation UI Test...
✅ C24149 UI PASSED: UI Navigation successful. Page title: Recently Viewed | Contacts | Salesforce. Contact page loaded.
]]>
</system-out>
</testcase>
<testcase name="Final UI TestRail Integration › C24150: Salesforce Contact Page UI Test" classname="ui/ui-testrail-final.spec.js" time="18.077">
<system-out>
<![CDATA[🧪 Running C24150: Salesforce Contact Page UI Test...
✅ C24150 UI PASSED: UI Contact page loaded. Title: Recently Viewed | Contacts | Salesforce. New button: true. List view: false
📤 Uploading 3 UI results to TestRail...
Results to upload: [
  {
    "case_id": 24148,
    "status_id": 1,
    "comment": "UI Login successful. Page title: Home | Salesforce. URL: https://wise-koala-a44c19-dev-ed.trailblaze.lightning.force.com/lightning/setup/SetupOneHome/home"
  },
  {
    "case_id": 24149,
    "status_id": 1,
    "comment": "UI Navigation successful. Page title: Recently Viewed | Contacts | Salesforce. Contact page loaded."
  },
  {
    "case_id": 24150,
    "status_id": 1,
    "comment": "UI Contact page loaded. Title: Recently Viewed | Contacts | Salesforce. New button: true. List view: false"
  }
]
✅ UI results uploaded successfully
🔒 UI test run 527 closed
🔗 View results: https://agentsync.testrail.io/index.php?/runs/view/527
]]>
</system-out>
</testcase>
</testsuite>
<testsuite name="ui/ui-testrail-final.spec.js" timestamp="2025-07-07T17:49:51.524Z" hostname="firefox" tests="3" failures="0" skipped="0" time="50.348" errors="0">
<testcase name="Final UI TestRail Integration › C24148: Salesforce Login UI Test" classname="ui/ui-testrail-final.spec.js" time="14.238">
<system-out>
<![CDATA[🚀 Starting Final UI TestRail Integration
🔐 TestRail auth: API Key
✅ TestRail client initialized
📋 Created TestRail run: 526
🔗 View run: https://agentsync.testrail.io/index.php?/runs/view/526
🧪 Running C24148: Salesforce Login UI Test...
✅ C24148 UI PASSED: UI Login successful. Page title: Home | Salesforce. URL: https://wise-koala-a44c19-dev-ed.trailblaze.lightning.force.com/lightning/setup/SetupOneHome/home
]]>
</system-out>
</testcase>
<testcase name="Final UI TestRail Integration › C24149: Salesforce Navigation UI Test" classname="ui/ui-testrail-final.spec.js" time="17.928">
<system-out>
<![CDATA[🧪 Running C24149: Salesforce Navigation UI Test...
✅ C24149 UI PASSED: UI Navigation successful. Page title: Recently Viewed | Contacts | Salesforce. Contact page loaded.
]]>
</system-out>
</testcase>
<testcase name="Final UI TestRail Integration › C24150: Salesforce Contact Page UI Test" classname="ui/ui-testrail-final.spec.js" time="18.182">
<system-out>
<![CDATA[🧪 Running C24150: Salesforce Contact Page UI Test...
✅ C24150 UI PASSED: UI Contact page loaded. Title: Recently Viewed | Contacts | Salesforce. New button: true. List view: false
📤 Uploading 3 UI results to TestRail...
Results to upload: [
  {
    "case_id": 24148,
    "status_id": 1,
    "comment": "UI Login successful. Page title: Home | Salesforce. URL: https://wise-koala-a44c19-dev-ed.trailblaze.lightning.force.com/lightning/setup/SetupOneHome/home"
  },
  {
    "case_id": 24149,
    "status_id": 1,
    "comment": "UI Navigation successful. Page title: Recently Viewed | Contacts | Salesforce. Contact page loaded."
  },
  {
    "case_id": 24150,
    "status_id": 1,
    "comment": "UI Contact page loaded. Title: Recently Viewed | Contacts | Salesforce. New button: true. List view: false"
  }
]
✅ UI results uploaded successfully
🔒 UI test run 526 closed
🔗 View results: https://agentsync.testrail.io/index.php?/runs/view/526
]]>
</system-out>
</testcase>
</testsuite>
<testsuite name="ui/ui-testrail-final.spec.js" timestamp="2025-07-07T17:49:51.524Z" hostname="webkit" tests="3" failures="0" skipped="0" time="51.231" errors="0">
<testcase name="Final UI TestRail Integration › C24148: Salesforce Login UI Test" classname="ui/ui-testrail-final.spec.js" time="14.516">
<system-out>
<![CDATA[🚀 Starting Final UI TestRail Integration
🔐 TestRail auth: API Key
✅ TestRail client initialized
📋 Created TestRail run: 528
🔗 View run: https://agentsync.testrail.io/index.php?/runs/view/528
🧪 Running C24148: Salesforce Login UI Test...
✅ C24148 UI PASSED: UI Login successful. Page title: Home | Salesforce. URL: https://wise-koala-a44c19-dev-ed.trailblaze.lightning.force.com/lightning/setup/SetupOneHome/home
]]>
</system-out>
</testcase>
<testcase name="Final UI TestRail Integration › C24149: Salesforce Navigation UI Test" classname="ui/ui-testrail-final.spec.js" time="18.254">
<system-out>
<![CDATA[🧪 Running C24149: Salesforce Navigation UI Test...
✅ C24149 UI PASSED: UI Navigation successful. Page title: Recently Viewed | Contacts | Salesforce. Contact page loaded.
]]>
</system-out>
</testcase>
<testcase name="Final UI TestRail Integration › C24150: Salesforce Contact Page UI Test" classname="ui/ui-testrail-final.spec.js" time="18.461">
<system-out>
<![CDATA[🧪 Running C24150: Salesforce Contact Page UI Test...
✅ C24150 UI PASSED: UI Contact page loaded. Title: Recently Viewed | Contacts | Salesforce. New button: true. List view: false
📤 Uploading 3 UI results to TestRail...
Results to upload: [
  {
    "case_id": 24148,
    "status_id": 1,
    "comment": "UI Login successful. Page title: Home | Salesforce. URL: https://wise-koala-a44c19-dev-ed.trailblaze.lightning.force.com/lightning/setup/SetupOneHome/home"
  },
  {
    "case_id": 24149,
    "status_id": 1,
    "comment": "UI Navigation successful. Page title: Recently Viewed | Contacts | Salesforce. Contact page loaded."
  },
  {
    "case_id": 24150,
    "status_id": 1,
    "comment": "UI Contact page loaded. Title: Recently Viewed | Contacts | Salesforce. New button: true. List view: false"
  }
]
✅ UI results uploaded successfully
🔒 UI test run 528 closed
🔗 View results: https://agentsync.testrail.io/index.php?/runs/view/528
]]>
</system-out>
</testcase>
</testsuite>
</testsuites>