<testsuites id="" name="" tests="3" failures="0" skipped="0" errors="0" time="7.059454000000001">
<testsuite name="api/testrail-demo.spec.js" timestamp="2025-07-07T15:08:47.793Z" hostname="api" tests="3" failures="0" skipped="0" time="1.508" errors="0">
<testcase name="TestRail Integration Demo › C24148: Salesforce API Authentication Test" classname="api/testrail-demo.spec.js" time="0.64">
<system-out>
<![CDATA[🚀 Starting TestRail Integration Demo
⚠️ OAuth failed: invalid client credentials
⚠️ OAuth failed, using fallback token - cached for reuse
🔐 TestRail auth: API Key
✅ TestRail client initialized
📋 Created TestRail run: 523
🔗 View run: https://agentsync.testrail.io/index.php?/runs/view/523
🧪 Running API Authentication Test...
✅ API authentication successful. Found 29 sobjects.
]]>
</system-out>
</testcase>
<testcase name="TestRail Integration Demo › C24149: Salesforce API Limits Test" classname="api/testrail-demo.spec.js" time="0.655">
<system-out>
<![CDATA[🧪 Running API Limits Test...
✅ API limits retrieved successfully. Daily API requests: 14977/15000 remaining.
]]>
</system-out>
</testcase>
<testcase name="TestRail Integration Demo › C24150: Salesforce API Query Test" classname="api/testrail-demo.spec.js" time="0.213">
<system-out>
<![CDATA[🧪 Running API Query Test...
✅ Query executed successfully. Retrieved 5 account records.
📤 Uploading 3 results to TestRail...
✅ Results uploaded successfully
🔒 Test run 523 closed
🔗 View results: https://agentsync.testrail.io/index.php?/runs/view/523
]]>
</system-out>
</testcase>
</testsuite>
</testsuites>