<testsuites id="" name="" tests="1" failures="1" skipped="0" errors="0" time="25.755839">
<testsuite name="ui/CSE_10762.spec.js" timestamp="2025-07-11T18:04:20.188Z" hostname="chromium" tests="1" failures="1" skipped="0" time="14.969" errors="0">
<testcase name="C24169 - Verify Onboarding Status bar component on Contact record page" classname="ui/CSE_10762.spec.js" time="14.969">
<failure message="CSE_10762.spec.js:29:1 C24169 - Verify Onboarding Status bar component on Contact record page" type="FAILURE">
<![CDATA[  [chromium] › ui/CSE_10762.spec.js:29:1 › C24169 - Verify Onboarding Status bar component on Contact record page 

    Error: Login failed with error: Error: Please check your username and password. If you still can't log in, contact your Salesforce administrator.

       at ../utils/salesforce/login-helper.js:125

      123 |         console.log(`⚠️ Found error with selector ${selector}: ${errorText}`);
      124 |         await page.screenshot({ path: './auth/login-error.png' });
    > 125 |         throw new Error(`Login failed with error: ${errorText}`);
          |               ^
      126 |       }
      127 |     }
      128 |     
        at SalesforceLoginHelper.performLogin (/Users/mzahirudeen/Desktop/AgentSync/Client Deliverable/AgentSyncProfessionalServicesDelivery/src/utils/salesforce/login-helper.js:125:15)
        at SalesforceLoginHelper.ensureAuthenticated (/Users/mzahirudeen/Desktop/AgentSync/Client Deliverable/AgentSyncProfessionalServicesDelivery/src/utils/salesforce/login-helper.js:55:7)
        at /Users/mzahirudeen/Desktop/AgentSync/Client Deliverable/AgentSyncProfessionalServicesDelivery/src/tests/ui/CSE_10762.spec.js:26:3

    attachment #1: video (video/webm) ──────────────────────────────────────────────────────────────
    test-results/ui-CSE_10762-C24169---Veri-f2b91-nent-on-Contact-record-page-chromium/video.webm
    ────────────────────────────────────────────────────────────────────────────────────────────────

    Retry #1 ───────────────────────────────────────────────────────────────────────────────────────

    Error: Login failed with error: Error: Please check your username and password. If you still can't log in, contact your Salesforce administrator.

       at ../utils/salesforce/login-helper.js:125

      123 |         console.log(`⚠️ Found error with selector ${selector}: ${errorText}`);
      124 |         await page.screenshot({ path: './auth/login-error.png' });
    > 125 |         throw new Error(`Login failed with error: ${errorText}`);
          |               ^
      126 |       }
      127 |     }
      128 |     
        at SalesforceLoginHelper.performLogin (/Users/mzahirudeen/Desktop/AgentSync/Client Deliverable/AgentSyncProfessionalServicesDelivery/src/utils/salesforce/login-helper.js:125:15)
        at SalesforceLoginHelper.ensureAuthenticated (/Users/mzahirudeen/Desktop/AgentSync/Client Deliverable/AgentSyncProfessionalServicesDelivery/src/utils/salesforce/login-helper.js:55:7)
        at /Users/mzahirudeen/Desktop/AgentSync/Client Deliverable/AgentSyncProfessionalServicesDelivery/src/tests/ui/CSE_10762.spec.js:26:3

    attachment #1: video (video/webm) ──────────────────────────────────────────────────────────────
    test-results/ui-CSE_10762-C24169---Veri-f2b91-nent-on-Contact-record-page-chromium-retry1/video.webm
    ────────────────────────────────────────────────────────────────────────────────────────────────
]]>
</failure>
<system-out>
<![CDATA[🔐 TestRail auth: API Key
🔍 Checking auth state at: /Users/mzahirudeen/Desktop/AgentSync/Client Deliverable/AgentSyncProfessionalServicesDelivery/auth/salesforce-storage-state.json
🔍 Auth state exists: false
🔐 No stored auth found, performing fresh login
🔐 Starting fresh login to: https://rli-agentsync--asfull.sandbox.my.salesforce.com
👤 Username: einstien.jackson685@agentforce.com
📝 Filling login credentials
🔍 Filled username: einstien.jackson685@agentforce.com
🔍 Filled password: [HIDDEN]
🔑 Clicking login button
⏳ Waiting for login response...
🔍 Current URL after login click: https://rli-agentsync--asfull.sandbox.my.salesforce.com/
🔍 Page title: Login | Salesforce
⚠️ Found error with selector #error: Error: Please check your username and password. If you still can't log in, contact your Salesforce administrator.

[[ATTACHMENT|../test-results/ui-CSE_10762-C24169---Veri-f2b91-nent-on-Contact-record-page-chromium/video.webm]]
🔐 TestRail auth: API Key
🔍 Checking auth state at: /Users/mzahirudeen/Desktop/AgentSync/Client Deliverable/AgentSyncProfessionalServicesDelivery/auth/salesforce-storage-state.json
🔍 Auth state exists: false
🔐 No stored auth found, performing fresh login
🔐 Starting fresh login to: https://rli-agentsync--asfull.sandbox.my.salesforce.com
👤 Username: einstien.jackson685@agentforce.com
📝 Filling login credentials
🔍 Filled username: einstien.jackson685@agentforce.com
🔍 Filled password: [HIDDEN]
🔑 Clicking login button
⏳ Waiting for login response...
🔍 Current URL after login click: https://rli-agentsync--asfull.sandbox.my.salesforce.com/
🔍 Page title: Login | Salesforce
⚠️ Found error with selector #error: Error: Please check your username and password. If you still can't log in, contact your Salesforce administrator.

[[ATTACHMENT|../test-results/ui-CSE_10762-C24169---Veri-f2b91-nent-on-Contact-record-page-chromium-retry1/video.webm]]
]]>
</system-out>
</testcase>
</testsuite>
</testsuites>